make  check-recursive
make[1]: Entering directory `/home/bt/sources/grub2'
Making check in grub-core/gnulib
make[2]: Entering directory `/home/bt/sources/grub2/grub-core/gnulib'
make  check-recursive
make[3]: Entering directory `/home/bt/sources/grub2/grub-core/gnulib'
make[4]: Entering directory `/home/bt/sources/grub2/grub-core/gnulib'
make[4]: Nothing to be done for `check-am'.
make[4]: Leaving directory `/home/bt/sources/grub2/grub-core/gnulib'
make[3]: Leaving directory `/home/bt/sources/grub2/grub-core/gnulib'
make[2]: Leaving directory `/home/bt/sources/grub2/grub-core/gnulib'
Making check in .
make[2]: Entering directory `/home/bt/sources/grub2'
make  example_unit_test printf_test date_test priority_queue_unit_test cmp_test ext234_test squashfs_test iso9660_test hfsplus_test ntfs_test reiserfs_test fat_test minixfs_test xfs_test nilfs2_test romfs_test exfat_test tar_test udf_test hfs_test jfs_test btrfs_test zfs_test cpio_test example_scripted_test gettext_strings_test pata_test ahci_test uhci_test ohci_test ehci_test example_grub_script_test grub_script_eval grub_script_test grub_script_echo1 grub_script_leading_whitespace grub_script_echo_keywords grub_script_vars1 grub_script_for1 grub_script_while1 grub_script_if grub_script_blanklines grub_script_final_semicolon grub_script_dollar grub_script_comments grub_script_functions grub_script_break grub_script_continue grub_script_shift grub_script_blockarg grub_script_setparams grub_script_return grub_cmd_regexp grub_cmd_date grub_cmd_set_date grub_cmd_sleep grub_script_expansion grub_script_not grub_script_no_commands partmap_test hddboot_test fddboot_test cdboot_test netboot_test pseries_test core_compress_test xzcompress_test gzcompress_test lzocompress_test grub_cmd_echo help_test grub_script_gettext grub_script_escape_comma grub_script_strcmp test_sha512sum test_unset grub_func_test grub_cmd_tr
make[3]: Entering directory `/home/bt/sources/grub2'
make[3]: `printf_test' is up to date.
make[3]: `date_test' is up to date.
make[3]: `priority_queue_unit_test' is up to date.
make[3]: `cmp_test' is up to date.
make[3]: `ext234_test' is up to date.
make[3]: `squashfs_test' is up to date.
make[3]: `iso9660_test' is up to date.
make[3]: `hfsplus_test' is up to date.
make[3]: `ntfs_test' is up to date.
make[3]: `reiserfs_test' is up to date.
make[3]: `fat_test' is up to date.
make[3]: `minixfs_test' is up to date.
make[3]: `xfs_test' is up to date.
make[3]: `nilfs2_test' is up to date.
make[3]: `romfs_test' is up to date.
make[3]: `exfat_test' is up to date.
make[3]: `tar_test' is up to date.
make[3]: `udf_test' is up to date.
make[3]: `hfs_test' is up to date.
make[3]: `jfs_test' is up to date.
make[3]: `btrfs_test' is up to date.
make[3]: `zfs_test' is up to date.
make[3]: `cpio_test' is up to date.
make[3]: `example_scripted_test' is up to date.
make[3]: `gettext_strings_test' is up to date.
make[3]: `pata_test' is up to date.
make[3]: `ahci_test' is up to date.
make[3]: `uhci_test' is up to date.
make[3]: `ohci_test' is up to date.
make[3]: `ehci_test' is up to date.
make[3]: `example_grub_script_test' is up to date.
make[3]: `grub_script_eval' is up to date.
make[3]: `grub_script_test' is up to date.
make[3]: `grub_script_echo1' is up to date.
make[3]: `grub_script_leading_whitespace' is up to date.
make[3]: `grub_script_echo_keywords' is up to date.
make[3]: `grub_script_vars1' is up to date.
make[3]: `grub_script_for1' is up to date.
make[3]: `grub_script_while1' is up to date.
make[3]: `grub_script_if' is up to date.
make[3]: `grub_script_blanklines' is up to date.
make[3]: `grub_script_final_semicolon' is up to date.
make[3]: `grub_script_dollar' is up to date.
make[3]: `grub_script_comments' is up to date.
make[3]: `grub_script_functions' is up to date.
make[3]: `grub_script_break' is up to date.
make[3]: `grub_script_continue' is up to date.
make[3]: `grub_script_shift' is up to date.
make[3]: `grub_script_blockarg' is up to date.
make[3]: `grub_script_setparams' is up to date.
make[3]: `grub_script_return' is up to date.
make[3]: `grub_cmd_regexp' is up to date.
make[3]: `grub_cmd_date' is up to date.
make[3]: `grub_cmd_set_date' is up to date.
make[3]: `grub_cmd_sleep' is up to date.
make[3]: `grub_script_expansion' is up to date.
make[3]: `grub_script_not' is up to date.
make[3]: `grub_script_no_commands' is up to date.
make[3]: `partmap_test' is up to date.
make[3]: `hddboot_test' is up to date.
make[3]: `fddboot_test' is up to date.
make[3]: `cdboot_test' is up to date.
make[3]: `netboot_test' is up to date.
make[3]: `pseries_test' is up to date.
make[3]: `core_compress_test' is up to date.
make[3]: `xzcompress_test' is up to date.
make[3]: `gzcompress_test' is up to date.
make[3]: `lzocompress_test' is up to date.
make[3]: `grub_cmd_echo' is up to date.
make[3]: `help_test' is up to date.
make[3]: `grub_script_gettext' is up to date.
make[3]: `grub_script_escape_comma' is up to date.
make[3]: `grub_script_strcmp' is up to date.
make[3]: `test_sha512sum' is up to date.
make[3]: `test_unset' is up to date.
make[3]: `grub_func_test' is up to date.
make[3]: `grub_cmd_tr' is up to date.
make[3]: Leaving directory `/home/bt/sources/grub2'
make  check-TESTS
make[3]: Entering directory `/home/bt/sources/grub2'
make[4]: Entering directory `/home/bt/sources/grub2'
PASS: example_unit_test
PASS: printf_test
PASS: date_test
PASS: priority_queue_unit_test
PASS: cmp_test
SKIP: ext234_test
PASS: squashfs_test
PASS: iso9660_test
SKIP: hfsplus_test
SKIP: ntfs_test
SKIP: reiserfs_test
SKIP: fat_test
SKIP: minixfs_test
SKIP: xfs_test
SKIP: nilfs2_test
SKIP: romfs_test
SKIP: exfat_test
PASS: tar_test
SKIP: udf_test
SKIP: hfs_test
SKIP: jfs_test
SKIP: btrfs_test
SKIP: zfs_test
PASS: cpio_test
PASS: example_scripted_test
SKIP: gettext_strings_test
FAIL: pata_test
FAIL: ahci_test
FAIL: uhci_test
FAIL: ohci_test
FAIL: ehci_test
FAIL: example_grub_script_test
FAIL: grub_script_eval
FAIL: grub_script_test
FAIL: grub_script_echo1
FAIL: grub_script_leading_whitespace
FAIL: grub_script_echo_keywords
FAIL: grub_script_vars1
FAIL: grub_script_for1
FAIL: grub_script_while1
FAIL: grub_script_if
PASS: grub_script_blanklines
PASS: grub_script_final_semicolon
PASS: grub_script_dollar
FAIL: grub_script_comments
FAIL: grub_script_functions
FAIL: grub_script_break
FAIL: grub_script_continue
FAIL: grub_script_shift
FAIL: grub_script_blockarg
FAIL: grub_script_setparams
FAIL: grub_script_return
FAIL: grub_cmd_regexp
FAIL: grub_cmd_date
FAIL: grub_cmd_set_date
FAIL: grub_cmd_sleep
FAIL: grub_script_expansion
FAIL: grub_script_not
PASS: grub_script_no_commands
FAIL: partmap_test
PASS: hddboot_test
PASS: fddboot_test
FAIL: cdboot_test
PASS: netboot_test
PASS: pseries_test
PASS: core_compress_test
FAIL: xzcompress_test
FAIL: gzcompress_test
SKIP: lzocompress_test
FAIL: grub_cmd_echo
FAIL: help_test
FAIL: grub_script_gettext
FAIL: grub_script_escape_comma
FAIL: grub_script_strcmp
FAIL: test_sha512sum
FAIL: test_unset
FAIL: grub_func_test
FAIL: grub_cmd_tr
make[5]: Entering directory `/home/bt/sources/grub2'
make  all-recursive
make[6]: Entering directory `/home/bt/sources/grub2'
Making all in grub-core/gnulib
make[7]: Entering directory `/home/bt/sources/grub2/grub-core/gnulib'
make  all-recursive
make[8]: Entering directory `/home/bt/sources/grub2/grub-core/gnulib'
make[9]: Entering directory `/home/bt/sources/grub2/grub-core/gnulib'
make[9]: Nothing to be done for `all-am'.
make[9]: Leaving directory `/home/bt/sources/grub2/grub-core/gnulib'
make[8]: Leaving directory `/home/bt/sources/grub2/grub-core/gnulib'
make[7]: Leaving directory `/home/bt/sources/grub2/grub-core/gnulib'
Making all in .
make[7]: Entering directory `/home/bt/sources/grub2'
make[7]: Leaving directory `/home/bt/sources/grub2'
Making all in grub-core
make[7]: Entering directory `/home/bt/sources/grub2/grub-core'
make  all-am
make[8]: Entering directory `/home/bt/sources/grub2/grub-core'
make[8]: Nothing to be done for `all-am'.
make[8]: Leaving directory `/home/bt/sources/grub2/grub-core'
make[7]: Leaving directory `/home/bt/sources/grub2/grub-core'
Making all in po
make[7]: Entering directory `/home/bt/sources/grub2/po'
make[7]: Leaving directory `/home/bt/sources/grub2/po'
Making all in docs
make[7]: Entering directory `/home/bt/sources/grub2/docs'
restore=: && backupdir=".am$$" && \
	am__cwd=`pwd` && CDPATH="${ZSH_VERSION+.}:" && cd . && \
	rm -rf $backupdir && mkdir $backupdir && \
	if (/bin/true --version) >/dev/null 2>&1; then \
	  for f in grub.info grub.info-[0-9] grub.info-[0-9][0-9] grub.i[0-9] grub.i[0-9][0-9]; do \
	    if test -f $f; then mv $f $backupdir; restore=mv; else :; fi; \
	  done; \
	else :; fi && \
	cd "$am__cwd"; \
	if /bin/true   -I . \
	 -o grub.info grub.texi; \
	then \
	  rc=0; \
	  CDPATH="${ZSH_VERSION+.}:" && cd .; \
	else \
	  rc=$?; \
	  CDPATH="${ZSH_VERSION+.}:" && cd . && \
	  $restore $backupdir/* `echo "./grub.info" | sed 's|[^/]*$||'`; \
	fi; \
	rm -rf $backupdir; exit $rc
restore=: && backupdir=".am$$" && \
	am__cwd=`pwd` && CDPATH="${ZSH_VERSION+.}:" && cd . && \
	rm -rf $backupdir && mkdir $backupdir && \
	if (/bin/true --version) >/dev/null 2>&1; then \
	  for f in grub-dev.info grub-dev.info-[0-9] grub-dev.info-[0-9][0-9] grub-dev.i[0-9] grub-dev.i[0-9][0-9]; do \
	    if test -f $f; then mv $f $backupdir; restore=mv; else :; fi; \
	  done; \
	else :; fi && \
	cd "$am__cwd"; \
	if /bin/true   -I . \
	 -o grub-dev.info grub-dev.texi; \
	then \
	  rc=0; \
	  CDPATH="${ZSH_VERSION+.}:" && cd .; \
	else \
	  rc=$?; \
	  CDPATH="${ZSH_VERSION+.}:" && cd . && \
	  $restore $backupdir/* `echo "./grub-dev.info" | sed 's|[^/]*$||'`; \
	fi; \
	rm -rf $backupdir; exit $rc
make[7]: Leaving directory `/home/bt/sources/grub2/docs'
Making all in util/bash-completion.d
make[7]: Entering directory `/home/bt/sources/grub2/util/bash-completion.d'
make[7]: Nothing to be done for `all'.
make[7]: Leaving directory `/home/bt/sources/grub2/util/bash-completion.d'
make[6]: Leaving directory `/home/bt/sources/grub2'
make[5]: Leaving directory `/home/bt/sources/grub2'
============================================================================
Testsuite summary for GRUB 2.02~beta2
============================================================================
# TOTAL: 78
# PASS:  19
# SKIP:  17
# XFAIL: 0
# FAIL:  42
# XPASS: 0
# ERROR: 0
============================================================================
See ./test-suite.log
Please report to bug-grub@gnu.org
============================================================================
make[4]: *** [test-suite.log] Error 1
make[4]: Leaving directory `/home/bt/sources/grub2'
make[3]: *** [check-TESTS] Error 2
make[3]: Leaving directory `/home/bt/sources/grub2'
make[2]: *** [check-am] Error 2
make[2]: Leaving directory `/home/bt/sources/grub2'
make[1]: *** [check-recursive] Error 1
make[1]: Leaving directory `/home/bt/sources/grub2'
make: *** [check] Error 2
